[   0.00000 Iitalin cgrou ssys cpse
[   0.000]nializin cou subsy cu[   0.0000Initiaizg group ubs cpuact
[   0.00] Linuvesion4.0-03-generic (bldd@lcy1-d6-001) (gc erio5..0 21660 (butu.40-6ubuntu~104.5)  #6-Ubunu MPon D 46:2328TC 2017 Ubtu4.40-3.26-genri4..98)
[   000000 Cmandli: OOT_AG/boovmnuz-4.103-enicrootAB=cloudimg-ootfs roconsole=ty conol=ttyS0
[   00000]ERL suppte cpus
  0.0000  InteGeuineInel
[   00000]   AMD AthntiMD
[    0000]  enaur Cenurauls
[  0000000x8fpu:xsteoffset2] 576xste_sizes2]  256
  0.00000] 86/fu:Supporting XSAVE fate x01: 'x8 fating inregite'
[   00000] x8/f: upporting SAE featur 02: 'E egiter
    0.000000] 86/f: uppoti XAVE feature 004 'AVX regtes'
  0.00000x8/fpu Ebld xsatfeture 0x7 cntext siz i83 bte uing 'staar' fma.
[  000000]x8/fu:Usnglazy' FPU contxt swtcs.
[   .00000 e0: BS-ovidd physca RAM mp:
[  00000]IO-e82 [em 0x000000000000-00000000fbff] usbl
[   0.00] BI-e0: [me 000000009fc00-0000000009ff] reerd
[  00000] OS-e820[mm 000000000f00-x0000000fff] eservd[    00000]BI-e820: [mem x000000010000x00003ffeff] sale[   0.0000] IOe80: [m 000000ff00-000000003fffff]AC dta
[   000000]BI-e20: [m x0000000fe000-0x00000fecff resrv
    0000] IOe80: [emx00000fe0000-0x00000fe0fff] rervd
[  0000000]BI-e20: [mem 000000ffc00-000000fffffrerved
  0.00000] NX (Excue Disaleprotti: acte
[  .00000] SIO2.5 present.
[    .000] Hyrvso detete KVM[   0.000000] 82: ast_pfn 0x3ff0 max_arch_pfn 04000000
   0.0000 MT: sabl
    000000 x86/PT:TRRs saledskppng P itialzaontoo.
[  0000000 C MRRs lllak - rtalzesyte.
[  00000 x86AT Congution [-7 WB  W U UC  W W  C-C 
[    00000 foud P P-tabl a[mm 0x09ff0-00ffff] mappd at [fff80009f0]
  0.0000 Sanning1 ea fr w emryorupio
[   0.00000RAMDIK: [mm x3ade00-37566fff
  0.000000] CP: ar tble chckm vefitiondibld
[  000000]AC: RSDPx0000000000E00 000024 v0 VOX  
[   0.000]ACI:SD 0x000000FF0030003C(v01 VOX VBOXST 00000 AL 0000061)[   0000] AI:FAP 00000003F0F0 000 (04VB  VBOXCP0000 ASL  00061)
  0.00000]CPI:SD0x00003FFF700021FF v0 VOX   VOXOS 00002INTL 2010052
[   .0000]ACI:FACSx00000FF0200 00004
[   0000] ACPI: FACS x00000003F0200 0040
[   .00000] ACI:PI 0x00000FF240000 (2 VBOX   VOXPIC 00001ASL000061
[    0.00000 AI: ST 000000FF02 001CC(v1 BO   VBOXCPUT 00000002 INTL 20100528)
[    0.000000] No NUMA confiurion ou
    0000] Faina ode a [m x0000000000-x00000ffefff]
[   000000] ODDAA(0) aocted [m 0x3ffeb00-3fefff
    0.0000 kvm-clok:Usin msr 464d0 a 4b5d0
[    0.0000 kvm-lok:cpu0,ms 0:3ffe31,rimarcpuclck
[    0.0000]kvmlok:usig he offsetof4191250 ycle
[   0.0000 cocksourc: m-clo: ask0xfffffffffff max_cyces: 1c424dfbma_idle_s:81905983 ns
[    0.0000] on range:    0.000]   DMA     [me0x0000000000-00000000fffff]    0.000]   D32  [mem 0000000000000-0x00003ffeff
[  00000  ormal   emty
[  00000  evic  mpy
[   00000]Mobl zon srt for acnoe[  0.00000] Ealymemoryno rngs    0.000]  od  0: [emx00000000100x00000009eff
[   0.00]   od  : [mem0x000000010000x000003fffff]
[   0.0000 Iitmeseupnode0 [mm 0x000000000100x00000ffeffff
   0.0000 ACPI: -Ter IO rt 0x400
  0.0000] OAPIC[]:apc_id 2, rsion 2,ddess 0ec000, GI 23
[  0000000 AI: I_SC_OV (bus 0 busir 0global_irq  d dl)
[  00000] PI: NTRC_OVR (us0 usrq9 ob_irq9 w evel
   0.0000] UsngCP (MA) r SMP onguatoninortin
[  000000]mpoo: loing 2 CPUs, hotplug CPUs
[    0.000000] PM: Rgisterd osvemeor: me 0000000-x000ff][   0000] M:egster nsave mmo: mem 0x000f00-0x00fff][   0.000] PM: Regited osav mor: [mem0x0a00-000effff]
[  .00000 P Regsted nsa mmory: [em0x000000x0ffff
   0.00000e820 [m x40000-0xffff] availbl for CIevices
   0.000 Booinpaavrtlized erl n KVM
[    0.0000] clocsoce: efedjiffies mk:0xffff maxcyle 0xffff, mx_dlns: 4519621568 n
  0.0000 stup_pecp NR_PU51 nr_cpma_bts:512 r_puids2 _nde_is:
[   0.0000 PERCPU:mbdded 3 pescpu ff88003fc00 s8200812 d277u1048576
[  00000]  qspinlockha tble ntes 256orr: 0, 09 bte
   0.00000]uilt1 neiss  Nde orermoility roping on. Talpages:2591
[  00000] liy zone: MA2
[  .00000]Keelcomman lne BOOTMAE=/bt/mlinz-4.0-13-enic rotABL=cludg-ootfsroonole=y1consolett0
[    0.0000] PID hash tabl etrs:4096 (orer3,32768 yt)
[  000000]Meor 10078/10412 aailale845Kernecoe,29K rwat 3988 rdata 12Kinit,31K ss 433K reerd,0K cma-seved)[  0.0000]LUB: HWalign64, Order=0-3, inObec=0 CPU2,odes=
  0.0000] ierahil RCU plentati.
[  0.0000] uid-ti austmenofeaf fautto 64.
[   .00000] RC resicng CPUfrm NRCP=52 to nr_u_ds=2
[  0.000000]RC: juing geomety orcuanout_ea64, nr_cp_is=2
[  0000000 NIRQS30 nr_rq44 16    0.00] Consle: colour GA 8x25
[   00000] onle[ty1 ebled[   0000] nsole ty0] ebl
[    0.000000] tsc: Detected 2194.918 MHz processor
[   30.195292] Calibrating delay loop (skipped) preset value.. 4389.83 BogoMIPS (lpj=8779672)
[   30.385696] pid_max: default: 32768 minimum: 301
[   30.508873] ACPI: Core revision 20150930
[   30.605801] ACPI: 2 ACPI AML tables successfully acquired and loaded
[   30.742277] Security Framework initialized
[   30.827371] Yama: becoming mindful.
[   30.915793] AppArmor: AppArmor initialized
[   31.013479] Dentry cache hash table entries: 131072 (order: 8, 1048576 bytes)
[   31.195910] Inode-cache hash table entries: 65536 (order: 7, 524288 bytes)
[   31.361999] Mount-cache hash table entries: 2048 (order: 2, 16384 bytes)
[   31.539411] Mountpoint-cache hash table entries: 2048 (order: 2, 16384 bytes)
[   31.728196] Initializing cgroup subsys io
[   31.833412] Initializing cgroup subsys memory
[   31.914929] Initializing cgroup subsys devices
[   32.033619] Initializing cgroup subsys freezer
[   32.145568] Initializing cgroup subsys net_cls
[   32.254379] Initializing cgroup subsys perf_event
[   32.381098] Initializing cgroup subsys net_prio
[   32.479974] Initializing cgroup subsys hugetlb
[   32.585698] Initializing cgroup subsys pids
[   32.696491] CPU: Physical Processor ID: 0
[   32.804464] CPU: Processor Core ID: 0
[   32.882413] mce: CPU supports 0 MCE banks
[   32.966471] Last level iTLB entries: 4KB 1024, 2MB 1024, 4MB 1024
[   33.073796] Last level dTLB entries: 4KB 1024, 2MB 1024, 4MB 1024, 1GB 4
[   33.272840] Freeing SMP alternatives memory: 32K
[   33.397818] ftrace: allocating 32158 entries in 126 pages
[   33.577840] smpboot: APIC(0) Converting physical 0 to logical package 0
[   33.766492] smpboot: Max logical packages: 1
[   33.873531] x2apic enabled
[   33.947956] Switched APIC routing to physical x2apic.
[   34.061751] ..TIMER: vector=0x30 apic1=0 pin1=2 apic2=-1 pin2=-1
[ 34.274017] smpboot: CPU0: Intel(R) Core(TM) i7-4770HQ CPU @ 2.20GHz (family: 0x6, model: 0x46, stepping: 0x1)
[   34.547923] Performance Events: unsupported p6 CPU model 70 no PMU driver, software events only.
[   34.748242] KVM setup paravirtual spinlock
[   34.844077] x86: Booting SMP configuration:
[   34.920434] .... node  #0, CPUs:      #1
[   35.017667] kvm-clock: cpu 1, msr 0:3ffe3041, secondary cpu clock
[   35.164249] mce: CPU supports 0 MCE banks
[   35.243833] x86: Booted up 1 node, 2 CPUs
[   35.273171] smpboot: Total of 2 processors activated (8779.67 BogoMIPS)
[   35.420022] devtmpfs: initialized
[   35.516400] evm: security.selinux
[   35.590830] evm: security.SMACK64
[   35.667005] evm: security.SMACK64EXEC
[   35.759894] evm: security.SMACK64TRANSMUTE
[   35.841439] evm: security.SMACK64MMAP
[   35.858124] evm: security.ima
[   35.902867] evm: security.capability
[   35.971894] clocksource: jiffies: mask: 0xffffffff max_cycles: 0xffffffff, max_idle_ns: 7645041785100000 ns
[   36.175569] futex hash table entries: 512 (order: 3, 32768 bytes)
[   36.273769] pinctrl core: initialized pinctrl subsystem
[   36.375448] RTC time: 14:42:21, date: 01/05/18
[   36.419568] NET: Registered protocol family 16
[   36.474037] cpuidle: using governor ladder
[   36.555026] cpuidle: using governor menu
[   36.645414] PCCT header not found.
[   36.693419] ACPI: bus type PCI registered
[   36.783046] acpiphp: ACPI Hot Plug PCI Controller Driver version: 0.5
[   36.851516] PCI: Using configuration type 1 for base access
[   36.936368] ACPI: Added _OSI(Module Device)
[   37.002859] ACPI: Added _OSI(Processor Device)
[   37.077448] ACPI: Added _OSI(3.0 _SCP Extensions)
[   37.131373] ACPI: Added _OSI(Processor Aggregator Device)
[   37.163610] ACPI: Executed 1 blocks of module-level executable AML code
[   37.259779] ACPI: Interpreter enabled
[   37.312634] ACPI: (supports S0 S5)
[   37.335190] ACPI: Using IOAPIC for interrupt routing
[   37.415905] PCI: Using host bridge windows from ACPI; if necessary, use "pci=nocrs" and report a bug
[   37.526379] ACPI: PCI Root Bridge [PCI0] (domain 0000 [bus 00-ff])
[   37.571722] acpi PNP0A03:00: _OSC: OS supports [ASPM ClockPM Segments MSI]
[   37.649319] acpi PNP0A03:00: _OSC: not requesting OS control; OS requires [ExtendedConfig ASPM ClockPM MSI]
[   37.815172] acpi PNP0A03:00: fail to add MMCONFIG information, can't access extended PCI configuration space under this bridge.
[   37.960599] PCI host bridge to bus 0000:00
[   38.018950] pci_bus 0000:00: root bus resource [io  0x0000-0x0cf7 window]
[   38.128728] pci_bus 0000:00: root bus resource [io  0x0d00-0xffff window]
[   38.218091] pci_bus 0000:00: root bus resource [mem 0x000a0000-0x000bffff window]
[   38.321189] pci_bus 0000:00: root bus resource [mem 0x40000000-0xfdffffff window]
[   38.404710] pci_bus 0000:00: root bus resource [bus 00-ff]
[   38.468547] pci 0000:00:01.1: legacy IDE quirk: reg 0x10: [io  0x01f0-0x01f7]
[   38.565350] pci 0000:00:01.1: legacy IDE quirk: reg 0x14: [io  0x03f6]
[   38.705936] pci 0000:00:01.1: legacy IDE quirk: reg 0x18: [io  0x0170-0x0177]
[   38.774662] pci 0000:00:01.1: legacy IDE quirk: reg 0x1c: [io  0x0376]
[   38.888095] pci 0000:00:07.0: quirk: [io  0x4000-0x403f] claimed by PIIX4 ACPI
[   39.052070] pci 0000:00:07.0: quirk: [io  0x4100-0x410f] claimed by PIIX4 SMB
[   39.188513] ACPI: PCI Interrupt Link [LNKA] (IRQs 5 9 10 *11)
[   39.300702] ACPI: PCI Interrupt Link [LNKB] (IRQs 5 9 *10 11)
[   39.412288] ACPI: PCI Interrupt Link [LNKC] (IRQs 5 *9 10 11)
[   39.507593] ACPI: PCI Interrupt Link [LNKD] (IRQs 5 9 10 *11)
[   39.584171] ACPI: Enabled 2 GPEs in block 00 to 07
[   39.643117] vgaarb: setting as boot device: PCI:0000:00:02.0
[   39.747157] vgaarb: device added: PCI:0000:00:02.0,decodes=io+mem,owns=io+mem,locks=none
[   39.904731] vgaarb: loaded
[   39.928017] vgaarb: bridge control possible 0000:00:02.0
[   39.940663] SCSI subsystem initialized
[   40.001304] ACPI: bus type USB registered
[   40.072522] usbcore: registered new interface driver usbfs
[   40.162612] usbcore: registered new interface driver hub
[   40.266984] usbcore: registered new device driver usb
[   40.340499] PCI: Using ACPI for IRQ routing
[   40.395718] NetLabel: Initializing
[   40.399298] NetLabel:  domain hash size = 128
[   40.462307] NetLabel:  protocols = UNLABELED CIPSOv4
[   40.539652] NetLabel:  unlabeled traffic allowed by default
[   40.647801] amd_nb: Cannot enumerate AMD northbridges
[   40.738078] clocksource: Switched to clocksource kvm-clock
[   0.43] ppmo AArr lest Ebld  41.453904] pn P AI it[ 41140]npPnAC: oud  dic
[   42.325662] clocksource: acpi_pm: mask: 0xffffff max_cycles: 0xffffff, max_idle_ns: 2085701024 ns
[   42.524452] NET: Registered protocol family 2
[   42.566945] TCP established hash table entries: 8192 (order: 4, 65536 bytes)
[   42.602086] TCP bind hash table entries: 8192 (order: 5, 131072 bytes)
[   42.648551] TCP: Hash tables configured (established 8192 bind 8192)
[   42.675790] UDP hash table entries: 512 (order: 2, 16384 bytes)
[   42.706038] UDP-Lite hash table entries: 512 (order: 2, 16384 bytes)
[   42.736122] NET: Registered protocol family 1
[   42.741621] pci 0000:00:00.0: Limiting direct PCI/PCI transfers
[   42.780378] pci 0000:00:01.0: Activating ISA DMA hang workarounds
[   42.841153] Unpacking initramfs...
[   44.888531] Freeing initrd memory: 10788K
[   44.947301] platform rtc_cmos: registered platform RTC device (no PNP device found)
[   45.081328] Scanning for low memory corruption every 60 seconds
[   45.181507] audit: initializing netlink subsys (disabled)
[   45.310037] audit: type=2000 audit(1515163315.526:1): initialized
[   45.393319] Initialise system trusted keyring
[   45.474487] HugeTLB registered 2 MB page size, pre-allocated 0 pages
[   45.598018] zbud: loaded
[   45.631418] VFS: Disk quotas dquot_6.6.0
[   45.654960] VFS: Dquot-cache hash table entries: 512 (order 0, 4096 bytes)
[   45.695194] squashfs: version 4.0 (2009/01/31) Phillip Lougher
[   45.750819] fuse init (API version 7.23)
[   45.765942] Key type big_key registered
[   45.786868] Allocating IMA MOK and blacklist keyrings.
[   45.832058] Key type asymmetric registered
[   45.899755] Asymmetric key parser 'x509' registered
[   46.013235] tsc: Refined TSC clocksource calibration: 2193.673 MHz
[   46.019845] Block layer SCSI generic (bsg) driver version 0.4 loaded (major 249)
[   46.074513] io scheduler noop registered
[   46.074516] io scheduler deadline registered (default)
[   46.074568] io scheduler cfq registered
[   46.074676] pci_hotplug: PCI Hot Plug PCI Core version: 0.5
[   46.074680] pciehp: PCI Express Hot Plug Controller Driver version: 0.4
[   46.075045] ACPI: AC Adapter [AC] (on-line)
[   46.075100] input: Power Button as /devices/LNXSYSTM:00/LNXPWRBN:00/input/input0
[   46.075103] ACPI: Power Button [PWRF]
[   46.075193] input: Sleep Button as /devices/LNXSYSTM:00/LNXSLPBN:00/input/input1
[   46.075194] ACPI: Sleep Button [SLPF]
[   46.075353] GHES: HEST is not enabled!
[   46.076450] ACPI: Battery Slot [BAT0] (battery present)
[   46.270154] Serial: 8250/16550 driver, 32 ports, IRQ sharing enabled
[   46.452011] 00:02: ttyS0 at I/O 0x3f8 (irq = 4, base_baud = 115200) is a 16550A
[   46.561426] Linux agpgart interface v0.103
[   46.747873] loop: module loaded
[   46.748390] scsi host0: ata_piix
[   46.748438] scsi host1: ata_piix
[   46.748464] ata1: PATA max UDMA/33 cmd 0x1f0 ctl 0x3f6 bmdma 0xd000 irq 14
[   46.748465] ata2: PATA max UDMA/33 cmd 0x170 ctl 0x376 bmdma 0xd008 irq 15
[   46.748536] libphy: Fixed MDIO Bus: probed
[   46.748538] tun: Universal TUN/TAP device driver, 1.6
[   46.748539] tun: (C) 1999-2004 Max Krasnyansky <maxk@qualcomm.com>
[   46.748911] PPP generic driver version 2.4.2
[   46.748967] ehci_hcd: USB 2.0 'Enhanced' Host Controller (EHCI) Driver
[   46.748971] ehci-pci: EHCI PCI platform driver
[   46.748986] ehci-platform: EHCI geneiic platform driver
[   46.748993] ohci_hcd: USB 1.1 'Open' Host Controller (OHCI) Driver
[   46.748996] ohci-pci: OHCI PC  platform driver
[   46.749004] ohci-platform: OHCI generic platform driver
[   46.749011] uhci_hcd: USB Universal Host Controller Interface driver
[   46.749062] i8042: PNP: PS/2 Controller [PNP0303:PS2K,PNP0f03:PS2M] at 0x60,0x64 irq 1,12
[   46.749501] serio: i8042 KBD port at 0x60,0x64 irq 1
[   46.749504] serio: i8042 AUX port at 0x60,0x64 irq 12
[   46.749590] mousedev: PS/2 mouse device common for all mice
[   46.749836] input: AT Translated Set 2 keyboard as /devices/platform/i8042/serio0/input/input2
[   46.750221] rtc_cmos rtc_cmos: rtc core: registered rtc_cmos as rtc0
[   46.750272] rtc_cmos rtc_cmos: alarms up to one day, 114 bytes nvram
[   46.750277] i2c /dev entries driver
[   46.750330] device-mapper: uevent: version 1.0.3
[   46.750379] device-mapper: ioctl: 4.34.0-ioctl (2015-10-28) initialised: dm-devel@redhat.com
[   46.750394] ledtrig-cpu: registered to indicate activity on CPUs
[   46.750987] NET: Registered protocol family 10
[   46.751129] NET: Registered protocol family 17
[   46.751137] Key type dns_resoleer registered
[   46.751263] microcode: CPU0 sig=0x40661, pf=0x40, revision=0x0
[   46.788061] microcode: CPU1 sig=0x40661, pf=0x40, revision=0x0
[   46.788165] microcode: Microcode Update Driver: v2.01 <tigran@aivazian.fsnet.co.uk>, Peter Oruba
[   46.788321] registered taskstats version 1
[   46.788337] Loading compiled-in X.509 certificates
[   46.789020] Loaded X.509 cert 'Build time autogenerated kernel key: 6495e09daeacef0cade9c1ea2246b74b6c79cd53'
[   46.789049] zswap: loaded using pool lzo/zbud
[   46.791218] Key type trusted registered
[   46.795048] Key type encrypted registered
[   46.795057] AppArmor: AppArmor sha1 policy hashing enabled
[   46.795061] ima: No TPM chip found, activating TPM-bypass!
[   46.795091] evm: HMAC attrs: 0x1
[   46.795640]   Magic number: 2:512:737
[   46.848250] rtc_cmos rtc_cmos: setting system clock to 2018-01-05 14:42:32 UTC (1515163352)
[   46.848450] BIOS EDD facility v0.16 2004-Jun-25, 0 devices found
[   46.848451] EDD information not available.
[   54.427511] clocksource: tsc: mask: 0xffffffffffffffff max_cycles: 0x1f9ed9f8d98, max_idle_ns: 440795227796 ns
[   54.633700] Freeing unused kernel memory: 1492K
[   54.721449] Write protecting the kernel read-only data: 14336k
[   54.786730] Freeing unused kernel memory: 1744K
[   54.895196] Freeing unused kernel memory: 108K
Loading, please [   54.999257] random: systemd-udevd: uninitialized urandom read (16 bytes read, 4 bits of entropy available)
wait...
startin[   54.999895] random: udevadm: uninitialized urandom read (16 bytes read, 4 bits of entropy available)
g version 229
[   54.999910] random: udevadm: uninitialized urandom read (16 bytes read, 4 bits of entropy available)
[   55.005809] random: udevadm: uninitialized urandom read (16 bytes read, 4 bits of entropy available)
[   55.005837] random: udevadm: uninitialized urandom read (16 bytes read, 4 bits of entropy available)
[   55.005929] random: udevadm: uninitialized urandom read (16 bytes read, 4 bits of entropy available)
[   55.005962] random: udevadm: uninitialized urandom read (16 bytes read, 4 bits of entropy available)
[   55.005994] random: udevadm: uninitialized urandom read (16 bytes read, 4 bits of entropy available)
[   55.006028] random: udevadm: uninitialized urandom read (16 bytes read, 4 bits of entropy available)
[   55.006059] random: udevadm: uninitialized urandom read (16 bytes read, 4 bits of entropy available)
[   56.762307] e1000: Intel(R) PRO/1000 Network Driver - version 7.3.21-k8-NAPI
[   56.895837] e1000: Copyright (c) 1999-2006 Intel Corporation.
[   56.978788] Fusion MPT base driver 3.04.20
[   57.006562] Copyright (c) 1999-2008 LSI Corporation
[   57.089538] AVX2 version of gcm_enc/dec engaged.
[   57.230663] AES CTR mode by8 optimization enabled
[   57.392306] input: ImExPS/2 Generic Explorer Mouse as /devices/platform/i8042/serio1/input/input4
[   57.748632] Fusion MPT SPI Host driver 3.04.20
[   58.119708] e1000 0000:00:03.0 eth0: (PCI:33MHz:32-bit) 02:63:8e:2c:ef:cd
[   58.175294] e1000 0000:00:03.0 eth0: Intel(R) PRO/1000 Network Connection
[   58.608717] e1000 0000:00:08.0 eth1: (PCI:33MHz:32-bit) 08:00:27:36:24:01
[   58.941670] e1000 0000:00:08.0 eth1: Intel(R) PRO/1000 Network Connection
[   59.226723] e1000 0000:00:03.0 enp0s3: renamed from eth0
[   59.315926] mptbase: ioc0: Initiating bringup
[   59.407093] e1000 0000:00:08.0 enp0s8: renamed from eth1
[   59.472504] ioc0: LSI53C1030 A0: Capabilities={Initiator}
[   59.641125] scsi host2: ioc0: LSI53C1030 A0, FwRev=00000000h, Ports=1, MaxQ=256, IRQ=20
[   59.751770] scsi 2:0:0:0: Direct-Access     VBOX     HARDDISK         1.0  PQ: 0 ANSI: 5
[   59.751776] scsi target2:0:0: Beginning Domain Validation
[   59.753206] scsi target2:0:0: Domain Validation skipping write tests
[   59.753207] scsi target2:0:0: Ending Domain Validation
[   59.753247] scsi target2:0:0: asynchronous
[   59.753544] scsi 2:0:1:0: Direct-Access     VBOX     HARDDISK         1.0  PQ: 0 ANSI: 5
[   59.753547] scsi target2:0:1: Beginning Domain Validation
[   59.754363] scsi target2:0:1: Domain Validation skipping write tests
[   59.754364] scsi target2:0:1: Ending Domain Validation
[   59.754403] scsi target2:0:1: asynchronous
[   59.763620] sd 2:0:0:0: Attached scsi generic sg0 type 0
[   59.763888] sd 2:0:0:0: [sda] 20971520 512-byte logical blocks: (10.7 GB/10.0 GiB)
[   59.764210] sd 2:0:1:0: [sdb] 20480 512-byte logical blocks: (10.5 MB/10.0 MiB)
[   59.764236] sd 2:0:1:0: Attached scsi generic sg1 type 0
[   59.764314] sd 2:0:0:0: [sda] Write Protect is off
[   59.764531] sd 2:0:1:0: [sdb] Write Protect is off
[   59.764544] sd 2:0:0:0: [sda] Incomplete mode parameter data
[   59.764545] sd 2:0:0:0: [sda] Assuming drive cache: write through
[   59.764756] sd 2:0:1:0: [sdb] Incomplete mode parameter data
[   59.764758] sd 2:0:1:0: [sdb] Assuming drive cache: write through
[   59.768490]  sda: sda1
[   59.769647] sd 2:0:0:0: [sda] Attached SCSI disk
[   59.770153] sd 2:0:1:0: [sdb] Attached SCSI disk
[   60.190123] floppy0: no floppy controllers found
Begin: Loading e[   64.789385] md: linear personality registered for level -1
ssential drivers[   64.936105] md: multipath personality registered for level -4
 ... [   65.015025] md: raid0 personality registered for level 0
[   65.125910] md: raid1 personality registered for level 1
[   65.314284] raid6: sse2x1   gen()  9314 MB/s
[   65.464479] raid6: sse2x1   xor()  7377 MB/s
[   65.684606] raid6: sse2x2   gen() 13166 MB/s
[   65.890218] raid6: sse2x2   xor()  7814 MB/s
[   66.070200] raid6: sse2x4   gen() 11681 MB/s
[   66.167422] raid6: sse2x4   xor()  8574 MB/s
[   66.270128] raid6: avx2x1   gen() 17739 MB/s
[   66.446326] raid6: avx2x2   gen() 20373 MB/s
[   66.610885] raid6: avx2x4   gen() 25126 MB/s
[   66.765708] raid6: using algorithm avx2x4 gen() 25126 MB/s
[   66.923496] raid6: using avx2x2 recovery algorithm
[   67.030016] xor: automatically using best checksumming function:
[   67.178306]    avx       : 20407.000 MB/sec
[   67.216215] async_tx: api initialized (async)
[   67.283408] md: raid6 personality registered for level 6
[   67.445308] md: raid5 personality registered for level 5
[   67.560963] md: raid4 personality registered for level 4
[   67.675572] md: raid10 personality registered for level 10
done.
Begin: Running /scripts/i[   67.881138] Btrfs loaded
nit-premount ... done.
Begin: Mounting root file system ... Begin: Running /scripts/local-top ... done.
Begin: Running /scripts/local-premount ... Scanning for Btrfs filesystems
done.
Warning: fsck no[   67.998175] EXT4-fs (sda1): mounted filesystem with ordered data mode. Opts: (null)
t present, so skipping root file system
done.
Begin: Running /scripts/local-bottom ... done.
Begin: Running /scripts/init-bottom ... done.
[   68.234291] systemd[1]: systemd 229 running in system mode. (+PAM +AUDIT +SELINUX +IMA +APPARMOR +SMACK +SYSVINIT +UTMP +LIBCRYPTSETUP +GCRYPT +GNUTLS +ACL +XZ -LZ4 +SECCOMP +BLKID +ELFUTILS +KMOD -IDN)
[   68.486035] systemd[1]: Detected virtualization oracle.
[   68.615924] systemd[1]: Detected architecture x86-64.

Welcome to [1mUbuntu 16.04.3 LTS[0m!

[   68.813686] systemd[1]: Set hostname to <ubuntu>.
[   69.034193] systemd[1]: Initializing machine ID from random generator.
[   69.240529] systemd[1]: Installed transient /etc/machine-id file.
[   69.556860] systemd[1]: Reached target Swap.
[[0;32m  OK  [0m] Reached target Swap.
[   69.698942] systemd[1]: Listening on Syslog Socket.
[[0;32m  OK  [0m] Listening on Syslog Socket.
[   69.843527] systemd[1]: Listening on Journal Audit Socket.
[[0;32m  OK  [0m] Listening on Journal Audit Socket.
[   70.054669] systemd[1]: Reached target User and Group Name Lookups.
[[0;32m  OK  [0m] Reached target User and Group Name Lookups.
[   70.310483] systemd[1]: Created slice System Slice.
[[0;32m  OK  [0m] Created slice System Slice.
[   70.531928] systemd[1]: Listening on udev Control Socket.
[[0;32m  OK  [0m] Listening on udev Control Socket.
[   70.638656] systemd[1]: Created slice system-serial\x2dgetty.slice.
[[0;32m  OK  [0m] Created slice system-serial\x2dgetty.slice.
[   70.784724] systemd[1]: Listening on LVM2 metadata daemon socket.
[[0;32m  OK  [0m] Listening on LVM2 metadata daemon socket.
[   70.987497] systemd[1]: Listening on LVM2 poll daemon socket.
[[0;32m  OK  [0m] Listening on LVM2 poll daemon socket.
[   71.159577] systemd[1]: Created slice User and Session Slice.
[[0;32m  OK  [0m] Created slice User and Session Slice.
[   71.346885] systemd[1]: Started Trigger resolvconf update for networkd DNS.
[[0;32m  OK  [0m] Started Trigger resolvconf update for networkd DNS.
[   71.591279] systemd[1]: Reached target Slices.
[[0;32m  OK  [0m] Reached target Slices.
[   71.738501] systemd[1]: Listening on Journal Socket.
[[0;32m  OK  [0m] Listening on Journal Socket.
[   71.806854] systemd[1]: Starting Set console keymap...
         Startin[   71.905141] random: nonblocking pool is initialized
g Set console keymap...
[   72.022831] systemd[1]: Mounting Huge Pages File System...
         Mounting Huge Pages File System...
[   72.166358] systemd[1]: Starting Create list of required static device nodes for the current kernel...
         Starting Create list of required st... nodes for the current kernel...
[   72.434679] systemd[1]: Starting Load Kernel Modules...
         [   72.553645] Loading iSCSI transport class v2.0-870.
Starting Load Ke[   72.735999] iscsi: registered transport (tcp)
rnel Modules...
[   72.873797] iscsi: registered transport (iser)
[   72.874616] systemd[1]: Mounting POSIX Message Queue File System...
         Mounting POSIX Message Queue File System...
[   73.091048] systemd[1]: Starting Remount Root and Kernel File Systems...
         [   73.223675] EXT4-fs (sda1): re-mounted. Opts: (null)
Starting Remount Root and Kernel File Systems...
[ 74.50520 stemd[1]:Moti DugilSyem.
         Mounting Debug File System...
[ 75125905 ste[1 Lsteng  Dvice-apr vent damoFIs. [[0;32m  OK  [0m] Listening on Device-mapper event daemon FIFOs.
[  76.865]system[1 Ltening o uv Kerneloct.
[[0;32m  OK  [0m] Listening on udev Kernel Socket.
[   77.286805] systemd[1]: Starting Nameserver information manager...
         Starting Nameserver information manager...
[  77310] systemd[1]: Liseng on /v/itl mpibitNad pe

[[0;32m  OK  [0m] Listening on /dev/initctl Compatibility Named Pipe.
[   78.2114 ste[1: Rehetaet Eryed Volme
[[0;32m  OK  [0m] Reached target Encrypted Volumes.
[ 78237]ysmd]:taedForwar Pswd qutso llDirecryWatc.
[[0;32m  OK  [0m] Started Forward Password Requests to Wall Directory Watch.
[   79.742968] systemd[1]: Starting Uncomplicated firewall...
         Starting Uncomplicated firewall...
[   79.926987] systemd[1]: Starting Monitoring of LVM2 mirrors, snapshots etc. using dmeventd or progress polling...
         Starting Monitoring of LVM2 mirrors... dmeventd or progress polling...
[   80020] systed[: istengn urnal ck (/dev/log
[[0;32m  OK  [0m] Listening on Journal Socket (/dev/log).
[   80.830656] systemd[1]: Starting Journal Service...
         Starting Journal Service...
[   809537syem1] Set upaumontrbrary Exetae le Formas le System Atomntoi.
[[0;32m  OK  [0m] Set up automount Arbitrary Executab...ats File System Automount Point.
[   81.995779] systemd[1]: Mounted POSIX Message Queue File System.
[[0;32m  OK  [0m] Mounted POSIX Message Queue File System.
[  82.168] std[]:MoteDeg Fi Stem.
[[0;32m  OK  [0m] Mounted Debug File System.
[   2.91] std[: untd ug PgesFileSysem

[[0;32m  OK  [0m] Mounted Huge Pages File System.
[ 83339042]ysmd1]: Stte JournalSeice.
[[0;32m  OK  [0m] Started Journal Service.
[[0;32m  OK  [0m] Started Set console keymap.
[[0;32m  OK  [0m] Started Create list of required sta...ce nodes for the current kernel.
[[0;32m  OK  [0m] Started Load Kernel Modules.
[[0;32m  OK  [0m] Started Remount Root and Kernel File Systems.
[[0;32m  OK  [0m] Started Uncomplicated firewall.
[[0;32m  OK  [0m] Started Nameserver information manager.
[[0;32m  OK  [0m] Started LVM2 metadata daemon.
         Starting Initial cloud-init job (pre-networking)...
         Starting Load/Save Random Seed...
         Starting udev Coldplug all Devices...
         Mounting FUSE Control File System...
         Starting Apply Kernel Variables...
         Starting Create Static Device Nodes in /dev...
         Starting Flush Journal to Persistent Storage...
[[0;32m  OK  [0m] Mounted FUSE Control File System.
[[0;32m  OK  [0m] Started Load/Save Random Seed.
[[0;32m  OK  [0m] Started Apply Kernel Variables.
[[0;32m  OK  [0m] Started Monitoring of LVM2 mirrors,...ng dmeventd or progress polling.
[[0;32m  OK  [0m] Started Create Static Device Nodes in /dev.
[[0;32m  OK  [0m] Started udev Coldplug all Devices.
[[0;32m  OK  [0m] Started Flush Journal to Persistent Storage.
         Starting udev Kernel Device Manager...
[[0;32m  OK  [0m] Started udev Kernel Device Manager.
[[0;32m  OK  [0m] Reached target Local File Systems (Pre).
[[0;32m  OK  [0m] Reached target Local File Systems.
         Starting Tell Plymouth To Write Out Runtime Data...
         Starting LSB: AppArmor initialization...
         Starting Commit a transient machine-id on disk...
[   45.274455] cloud-init[447]: Cloud-init v. 17.1 running 'init-local' at Fri, 05 Jan 2018 14:43:10 +0000. Up 44.93 seconds.
         Starting Set console font and keymap...
         Starting Create Volatile Files and Directories...
[[0;32m  OK  [0m] Started Dispatch Password Requests to Console Directory Watch.
[[0;32m  OK  [0m] Started Tell Plymouth To Write Out Runtime Data.
[[0;32m  OK  [0m] Started Commit a transient machine-id on disk.
[[0;32m  OK  [0m] Started Set console font and keymap.
[[0;32m  OK  [0m] Started Create Volatile Files and Directories.
[[0;32m  OK  [0m] Started Initial cloud-init job (pre-networking).
[[0;32m  OK  [0m] Found device /dev/ttyS0.
[[0;32m  OK  [0m] Listening on Load/Save RF Kill Switch Status /dev/rfkill Watch.
[[0;32m  OK  [0m] Reached target Network (Pre).
[[0;32m  OK  [0m] Reached target System Time Synchronized.
         Starting Update UTMP about System Boot/Shutdown...
[[0;32m  OK  [0m] Created slice system-getty.slice.
[[0;32m  OK  [0m] Started Update UTMP about System Boot/Shutdown.
[[0;32m  OK  [0m] Started LSB: AppArmor initialization.
[[0;32m  OK  [0m] Started ifup for enp0s3.
         Starting Raise network interfaces...
[[0;32m  OK  [0m] Started Raise network interfaces.
[[0;32m  OK  [0m] Reached target Network.
         Starting Initial cloud-init job (metadata service crawler)...
[   49.289830] cloud-init[962]: Cloud-init v. 17.1 running 'init' at Fri, 05 Jan 2018 14:43:14 +0000. Up 48.59 seconds.
[[0;32m  OK  [0m] Started Initial cloud-init job (metadata service crawler).
[[0;32m  OK  [0m] Reached target System Initialization.
         [   49.386708] Starting Socket activation for snappy daemon.cloud-init
[962]: ci-info: ++++++++++++++++++++++++++++++++++++++Net device info++++++++++++++++++++++++++++++++++++++
[   49.577257] cloud-init[962]: ci-info: +--------+-------+----------------------------+---------------+-------+-------------------+
[   49.578048] cloud-init[962]: ci-info: | Device |   Up  |          Address           |      Mask     | Scope |     Hw-Address    |
[[0;32m  OK  [0m] Started Daily Cleanup of Temporary Directories.
[   49.578454] cloud-init[962]: ci-info: +--------+-------+----------------------------+---------------+-------+-------------------+
[   49.949498] cloud-init[962]: ci-info: | enp0s3 |  True |         10.0.2.15          | 255.255.255.0 |   .   | 02:63:8e:2c:ef:cd |
[   49.950115] cloud-init[962]: ci-info: | enp0s3 |  True | fe80::63:8eff:fe2c:efcd/64 |       .       |  link | 02:63:8e:2c:ef:cd |
         Starting LXD - unix socket.
[   49.950454] cloud-init[962]: ci-info: | enp0s8 | False |             .              |       .       |   .   | 08:00:27:36:24:01 |
[   50.436480] cloud-init[962]: ci-info: |   lo   |  True |         127.0.0.1          |   255.0.0.0   |   .   |         .         |
[   50.437143] cloud-init[962]: ci-info: |   lo   |  True |          ::1/128           |       .       |  host |         .         |
[[0;32m  OK  [0m] Started ACPI Events Check.
[[0;32m  OK  [0m[   50.437270] ] cloud-initReached target Paths.[962]: 
ci-info: +--------+-------+----------------------------+---------------+-------+-------------------+
[   50.904442] cloud-init[962]: ci-info: +++++++++++++++++++++++++++Route IPv4 info++++++++++++++++++++++++++++
[[   50.904962] [0;32m  OK  [0mcloud-init] [962]: Listening on ACPID Listen Socket.ci-info: +-------+-------------+----------+---------------+-----------+-------+

[   50.905431] cloud-init[962]: ci-info: | Route | Destination | Gateway  |    Genmask    | Interface | Flags |
[[0;32m  OK  [0m] Listening on UUID daemon activation socket.
[   51.186330] cloud-init[962]: ci-info: +-------+-------------+----------+---------------+-----------+-------+
[[0;32m  OK  [0m] Started Timer to automatically refresh installed snaps.
[   51.329413] cloud-init[962]: ci-info: |   0   |   0.0.0.0   | 10.0.2.2 |    0.0.0.0    |   enp0s3  |   UG  |
[   51.476945] cloud-init[962]: ci-info: |   1   |   10.0.2.0  | 0.0.0.0  | 255.255.255.0 |   enp0s3  |   U   |
[[0;32m  OK  [0m] Listening on D-Bus System Message Bus Socket.
[   51.477127] cloud-init[962]: ci-info: +-------+-------------+----------+---------------+-----------+-------+
[   51.741323] cloud-init[962]: Generating public/private rsa key pair.
[[0;32m  OK  [0m] Reached target Cloud-config availability.
[   51.741624] cloud-init[962]: Your identification has been saved in /etc/ssh/ssh_host_rsa_key.
[[0;32m  OK  [0m] Reached target Network is Online.
[   52.134093] cloud-init[962]: Your public key has been saved in /etc/ssh/ssh_host_rsa_key.pub.
[   52.244915] [cloud-init[0;32m  OK  [0m[962]: ] The key fingerprint is:Started Daily apt download activities.

[[   52.245196] cloud-init[962]: SHA256:INLi4vuOLoX94I7uTkQFNd/kpsVvIkEsHmHcXvRKCH0 root@ubuntu-xenial
[   52.473293] cloud-init[962]: The key's randomart image is:
[0;32m  OK  [0m] Started Daily apt upgrade and clean activities.
[   52.473488] cloud-init[962]: +---[RSA 2048]----+
[   52.669926] cloud-init[962]: [| .+B=..o         |[0;32m  OK  [0m
] Reached target Timers.
[   52.670241] cloud-init[962]: |  o==+*E.        |
[   52.804524] cloud-init[962]: | .+ *++B .       |
         Starting iSCSI initiator daemon (iscsid)...
[   52.805232] cloud-init[962]: |.. + o*.o        |
[   52.956507] cloud-init[962]: |.+.  o oSo       |
[   52.956911] cloud-init[962]: |+.+   . o        |
[[0;32m  OK  [0m] Listening on Socket activation for snappy daemon.
[[   52.957131] cloud-init[962]: | = o             |
[   53.117014] cloud-init[962]: |o.+ .            |
[0;32m  OK  [0m] Listening on LXD - unix socket.
[   53.117371] cloud-init[962]: |BO+o             |
[   53.284304] cloud-init[962]: +----[SHA256]-----+
[   53.284753] cloud-init[962]: Generating public/private dsa key pair.
[[0;32m  OK  [0m] Reached target Sockets.
[[0;32m  OK  [0m[   53.285127] ] cloud-initReached target Basic System.[962]: 
Your identification has been saved in /etc/ssh/ssh_host_dsa_key.
         [   53.544970] Starting Login Service...cloud-init
[962]: Your public key has been saved in /etc/ssh/ssh_host_dsa_key.pub.
[   53.626353] cloud-init[962]: The key fingerprint is:
[[0;32m  OK  [0m] Started Regular background program processing daemon.
[   53.690853] cloud-init[962]: SHA256:bpdkzTv6GV36k3IyFHBOekdCdv6b9kZ6JcAFUzYFIXE root@ubuntu-xenial
         Starting Pollinate to seed the pseudo random number generator...
[   53.831472] cloud-init[962]: The key's randomart image is:
[   53.932528] cloud-init[962]: +---[DSA 1024]----+
[   53.932922] cloud-init[962]: |            **E=.|
         Starting LSB: MD monitoring daemon...
[   53.933185] cloud-init[962]: |           ..O+o |
[   54.044778] cloud-init[962]: |           .*.o. |
[   54.045187] cloud-init[962]: |           +o+ ..|
         Starting System Logging Service...
[   54.045409] cloud-init[962]: |        S o +.o o|
[   54.204515] cloud-init[962]: |       . o . +.o=|
[   54.204921] cloud-init[962]: |        o o = oBo|
[[0;32m  OK  [0m] Started ACPI event daemon.
[   54.205122] cloud-init[962]: |       . . . Bo=+|
[   54.356434] cloud-init[962]: |          ..o =o+|
[   54.356915] cloud-init[962]: +----[SHA256]-----+
[[0;32m  OK  [0m] Started Deferred execution scheduler.
[   54.357211] cloud-init[962]: Generating public/private ecdsa key pair.
[   54.552814] cloud-init[962]: Your identification has been saved in /etc/ssh/ssh_host_ecdsa_key.
[   54.553399] cloud-init[962]: Your public key has been saved in /etc/ssh/ssh_host_ecdsa_key.pub.
[[0;32m  OK  [0m] Started D-Bus System Message Bus.
[   54.553570] cloud-init[962]: The key fingerprint is:
[[   54.836755] cloud-init[962]: SHA256:uJnQ8j/vGVSnAdRqbohmNUEVFS/j2UWU6me1Od8frzY root@ubuntu-xenial
[   54.837385] cloud-init[962]: The key's randomart image is:
[   54.837571] cloud-init[962]: +---[ECDSA 256]---+
[   54.837604] cloud-init[962]: |       ..o=+o. .+|
[0;32m  OK  [0m] Started Unattended Upgrades Shutdown.
[   54.837660] cloud-init[962]: |        .  ... o |
[   55.132495] cloud-init[962]: |         . .= + .|
[[0;32m  OK  [0m] Started FUSE filesystem for LXC.
[   55.133100] cloud-init[962]: |     . .o oo X ..|
[   55.208346] cloud-init[962]: |    o ooS=. = . +|
[   55.208701] cloud-init[962]: |     +++..o  . * |
         Starting Snappy daemon...
[   55.208925] cloud-init[962]: |     o=  ..   o.+|
[   55.327572]          cloud-initStarting Apply the settings specified in cloud-config...[962]: 
|       ..  o  E =|
[   55.396829] cloud-init[962]: |        .++  ..o+|
         Starting LSB: Record successful boot for GRUB...
[   55.397427] cloud-init[962]: +----[SHA256]-----+
[   55.532637] cloud-init[962]: Generating public/private ed25519 key pair.
         [   55.533258] Starting LXD - container startup/shutdown...cloud-init
[962]: Your identification has been saved in /etc/ssh/ssh_host_ed25519_key.
[   55.728499] cloud-init[962]: Your public key has been saved in /etc/ssh/ssh_host_ed25519_key.pub.
[   55.728938] cloud-init[962]: The key fingerprint is:
         Starting /etc/rc.local Compatibility...
[   55.729230] cloud-init[962]: SHA256:pGLNn5+e27V84WoIyu2RKNPJ9yO33E50l1O5mk4tk4A root@ubuntu-xenial
[   55.960537] cloud-init[962]: The key's randomart image is:
[   55.960923] cloud-init[962]: +--[ED25519 256]--+
         Starting Accounts Service...
[   55.961166] cloud-init[962]: |                 |
[[   56.148430] cloud-init[962]: |                .|
[0;32m  OK  [0m] Started System Logging Service.
[   56.149084] cloud-init[962]: |        .      ..|
[[   56.237197] cloud-init[962]: |     o o  .     +|
[   56.237824] cloud-init[962]: |    o + SE . . =.|
[0;32m  OK  [0m] Started Snappy daemon.
[[   56.238181] cloud-init[962]: |   . .o.oo. o *.o|
[   56.348942] cloud-init[962]: |     o.==+. .Oo..|
[   56.349229] cloud-init[962]: |      oo.++B=+oo.|
[   56.349275] cloud-init[962]: |        .oO=*=+. |
[   56.349341] cloud-init[962]: +----[SHA256]-----+
[0;32m  OK  [0m] Started iSCSI initiator daemon (iscsid).
[[0;32m  OK  [0m] Started Pollinate to seed the pseudo random number generator.
[[0;32m  OK  [0m] Started LXD - container startup/shutdown.
[[0;32m  OK  [0m] Started /etc/rc.local Compatibility.
[   56.354977] cloud-init[1146]: Generating locales (this might take a while)...
[[0;32m  OK  [0m] Started LSB: MD monitoring daemon.
[[0;32m  OK  [0m] Started LSB: Record successful boot for GRUB.
[[0;32m  OK  [0m] Started Login Service.
[   56.760640] cloud-init[1146]:   en_US.UTF-8... done
         Starting Authenticate and Authorize Users to Run Privileged Tasks...
[   56.798909] cloud-init[1146]: Generation complete.
         Starting OpenBSD Secure Shell server...
         Starting Login to default iSCSI targets...
[[0;32m  OK  [0m] Started OpenBSD Secure Shell server.
[[0;32m  OK  [0m] Started Authenticate and Authorize Users to Run Privileged Tasks.
[[0;32m  OK  [0m] Started Accounts Service.
         Stopping OpenBSD Secure Shell server...
[[0;32m  OK  [0m] Stopped OpenBSD Secure Shell server.
[[0;32m  OK  [0m] Started Login to default iSCSI targets.
[[0;32m  OK  [0m] Reached target Remote File Systems (Pre).
[[0;32m  OK  [0m] Reached target Remote File Systems.
         Starting LSB: Set the CPU Frequency Scaling governor to "ondemand"...
         Starting LSB: automatic crash report generation...
         Starting Permit User Sessions...
         Starting LSB: VirtualBox Linux Additions...
         Starting LSB: daemon to balance interrupts for SMP systems...
         Starting OpenBSD Secure Shell server...
[[0;32m  OK  [0m] Started OpenBSD Secure Shell server.
[[0;32m  OK  [0m] Started Permit User Sessions.
[[0;32m  OK  [0m] Started LSB: Set the CPU Frequency Scaling governor to "ondemand".
         Starting Hold until boot process finishes up...
         Starting Terminate Plymouth Boot Screen...
[[0;32m  OK  [0m] Started LSB: automatic crash report generation.
[[   57.946732] cloud-init[1146]: Cloud-init v. 17.1 running 'modules:config' at Fri, 05 Jan 2018 14:43:21 +0000. Up 55.65 seconds.
[0;32m  OK  [0m] Started LSB: VirtualBox Linux Additions.
[[0;32m  OK  [0m] Started Apply the settings specified in cloud-config.
[[0;32m  OK  [0m] Started LSB: daemon to balance interrupts for SMP systems.
[[0;32m  OK  [0m] Started Hold until boot process finishes up.
[[0;32m  OK  [0m] Started Terminate Plymouth Boot Screen.
[[0;32m  OK  [0m] Created slice User Slice of ubuntu.
[[0;32m  OK  [0m] Started Session 1 of user ubuntu.
         Starting User Manager for UID 1000...
[[0;32m  OK  [0m] Started Getty on tty1.
         Starting Set console scheme...
[[0;32m  OK  [0m] Started Serial Getty on ttyS0.
[[0;32m  OK  [0m] Reached target Login Prompts.
[[0;32m  OK  [0m] Reached target Multi-User System.
         Starting Execute cloud user/final scripts...
[[0;32m  OK  [0m] Reached target Graphical Interface.
         Starting Update UTMP about System Runlevel Changes...
[[0;32m  OK  [0m] Started User Manager for UID 1000.
[[0;32m  OK  [0m] Started Set console scheme.
[[0;32m  OK  [0m] Started Update UTMP about System Runlevel Changes.
ci-info: no authorized ssh keys fingerprints found for user ubuntu.
<14>Jan  5 14:43:24 ec2: 
<14>Jan  5 14:43:24 ec2: #############################################################
<14>Jan  5 14:43:24 ec2: -----BEGIN SSH HOST KEY FINGERPRINTS-----
<14>Jan  5 14:43:24 ec2: 1024 SHA256:bpdkzTv6GV36k3IyFHBOekdCdv6b9kZ6JcAFUzYFIXE root@ubuntu-xenial (DSA)
<14>Jan  5 14:43:24 ec2: 256 SHA256:uJnQ8j/vGVSnAdRqbohmNUEVFS/j2UWU6me1Od8frzY root@ubuntu-xenial (ECDSA)
<14>Jan  5 14:43:24 ec2: 256 SHA256:pGLNn5+e27V84WoIyu2RKNPJ9yO33E50l1O5mk4tk4A root@ubuntu-xenial (ED25519)
<14>Jan  5 14:43:24 ec2: 2048 SHA256:INLi4vuOLoX94I7uTkQFNd/kpsVvIkEsHmHcXvRKCH0 root@ubuntu-xenial (RSA)
<14>Jan  5 14:43:24 ec2: -----END SSH HOST KEY FINGERPRINTS-----
<14>Jan  5 14:43:24 ec2: #############################################################
-----BEGIN SSH HOST KEY KEYS-----
ecdsa-sha2-nistp256 AAAAE2VjZHNhLXNoYTItbmlzdHAyNTYAAAAIbmlzdHAyNTYAAABBBOR+M86r3iEQ2WoIKZA+cYap2+iAo1hZClq3aVyTYA4FLF866kL2NTvs9jPaZRsFzsTazJBrcjMIzvvPsLxOKIw= root@ubuntu-xenial
ssh-ed25519 AAAAC3NzaC1lZDI1NTE5AAAAIE4HTnb+i3/DO0MFa0COcByjFtKesHtKrTlxKN/TPURR root@ubuntu-xenial
ssh-rsa AAAAB3NzaC1yc2EAAAADAQABAAABAQCpq+DnLiIpHBl9NTcrt2XgcFHLq7DtnimD8Dknp3X+XS+3CIXC+89+qrj+wMNSuBnAmDBaEeSwjngiFdTrGVncGa61lGLy99v8kWhEFPBp2ptOww//pEDTRStSra2jQ67QkgqbT7pWtS4lFyhnD0MHlY3m+9+1rslW9dTVapCrVzlDs7BJH22eY4wCIktHBxe4NB/FEEFh70tCbaAmQa/K+R7ryfemLf+K6b8WbEZ29neleSSqPPOtxY+Pi7Jgtzeg36o8gnjZfdtXHDpoFpG3rdFeIZwtw8OI7HoAS34iClJ0Ez864bx0eRL37FWGo8ss3iGS2FC0ipEEccwdF1TL root@ubuntu-xenial
-----END SSH HOST KEY KEYS-----
         Stopping User Manager for UID 1000...
[   60.529919] [cloud-init[0;32m  OK  [0m[1329]: ] Cloud-init v. 17.1 running 'modules:final' at Fri, 05 Jan 2018 14:43:24 +0000. Up 59.07 seconds.Stopped User Manager for UID 1000.

[   60.668987] [cloud-init[0;32m  OK  [0m[1329]: ] ci-info: no authorized ssh keys fingerprints found for user ubuntu.Removed slice User Slice of ubuntu.

[   60.669890] cloud-init[1329]: Cloud-init v. 17.1 finished at Fri, 05 Jan 2018 14:43:26 +0000. Datasource DataSourceNoCloud [seed=/dev/sdb][dsmode=net].  Up 60.51 seconds
[[0;32m  OK  [0m] Started Execute cloud user/final scripts.
[[0;32m  OK  [0m] Reached target Cloud-init target.

Ubuntu 16.04.3 LTS ubuntu-xenial ttyS0

ubuntu-xenial login: 